Sending build context to Docker daemon  33.28kB
Step 1/9 : FROM node:20-alpine
 ---> fb4cd12c85ee
Step 2/9 : WORKDIR /usr/src/app
 ---> Using cache
 ---> bf7d1ab812b8
Step 3/9 : COPY package*.json ./
 ---> cde09899c24f
Step 4/9 : RUN npm ci --omit=dev
 ---> Running in 8176d628e102

added 68 packages, and audited 69 packages in 2s

15 packages are looking for funding
  run `npm fund` for details

found 0 vulnerabilities
[91mnpm notice
npm notice New major version of npm available! 10.8.2 -> 11.17.0
npm notice Changelog: https://github.com/npm/cli/releases/tag/v11.17.0
npm notice To update run: npm install -g npm@11.17.0
npm notice
[0m ---> Removed intermediate container 8176d628e102
 ---> 14feb398c611
Step 5/9 : COPY app.js .
 ---> 058d0270815c
Step 6/9 : RUN addgroup -g 1001 -S appgroup     && adduser -S appuser -u 1001 -G appgroup     && chown -R appuser:appgroup /usr/src/app
 ---> Running in b4c59a554d50
 ---> Removed intermediate container b4c59a554d50
 ---> f5e4563b8705
Step 7/9 : USER appuser
 ---> Running in af9457b4854d
 ---> Removed intermediate container af9457b4854d
 ---> be75189df279
Step 8/9 : EXPOSE 8080
 ---> Running in 8bfc500c7ded
 ---> Removed intermediate container 8bfc500c7ded
 ---> dbcf4503e1b7
Step 9/9 : CMD ["npm", "start"]
 ---> Running in 400b72df84f4
 ---> Removed intermediate container 400b72df84f4
 ---> 615dd6e9d3eb
Successfully built 615dd6e9d3eb
Successfully tagged gke-container-runtime:v1.0
